<?xml version="1.0" encoding="UTF-8"?>
<testsuite xmlns:xsi="http://www.w3.org/2001/XMLSchema-instance" xsi:noNamespaceSchemaLocation="https://maven.apache.org/surefire/maven-surefire-plugin/xsd/surefire-test-report-3.0.xsd" version="3.0" name="TestSuite" time="64.209" tests="5" errors="0" skipped="2" failures="1">
  <properties>
[...]
</properties>
  <testcase name="LoginErrorValidation" classname="Automation.tests.ErrorValidationsTest" time="0">
    <skipped message="expected:&lt;Incorrect email or password11.&gt; but was:&lt;Incorrect email or password.&gt;"/>
    <system-out><![CDATA[edge
edge
]]></system-out>
    <system-err><![CDATA[SLF4J: Failed to load class "org.slf4j.impl.StaticLoggerBinder".
SLF4J: Defaulting to no-operation (NOP) logger implementation
SLF4J: See http://www.slf4j.org/codes.html#StaticLoggerBinder for further details.
Starting Microsoft Edge WebDriver 112Star.t0in.g 1M7i2c2r.58 (4dc3f55obsofftaec25e e4e6acEcd8geb dW6ebb2D0rdi6v4ebr3 1b01b7bb) on port 3487
To submit feedback, report a bug, or su2g.0.17g2e2.58 (s4dtc ne3w ffe5a5tbufraeesc,2 5pelee4aes6eac c8vbids6ibt2 0dh64b3b0b7bb) on potrtt ps3:4/3/8g1i
tThuob .scuobm/mMiitc rfoeseodfbtack, Ereport a bug, or sudggest new features, please visit https:/g/github.com/MicrosoftEdge/eEdge/WEdgeWebDerivbDer
river

Only lo
caOnly local connelc tcioons are allowed.nnection
s arPe allleoaswed.
Please see https:e// seaka.ms/WebDrieverSecurity for sugg ehttpss:/t/iaokna.sms/WebDriv erSeocnu rkeietpyi nfgo rM iscurgogseosftti oEndsg eo nW ekbeDerpiiverng Mic rosoft Esdafe.

ge WebDriver safe.

Microsoft Edge WebDriver was started successfully.
Microsoft Edge WebDriver was started successfully.
Apr 25, 2023 6:49:12 PM org.openqa.selenium.devtools.CdpVersionFinder findNearestMatch
WARNING: Unable to find an exact match for CDP version 112, so returning the closest version found: 110
Apr 25, 2023 6:49:12 PM org.openqa.selenium.devtools.CdpVersionFinder findNearestMatch
WARNING: Unable to find an exact match for CDP version 112, so returning the closest version found: 110
]]></system-err>
  </testcase>
  <testcase name="LoginErrorValidation" classname="Automation.tests.ErrorValidationsTest" time="3.998">
    <failure message="expected:&lt;Incorrect email or password11.&gt; but was:&lt;Incorrect email or password.&gt;" type="java.lang.AssertionError"><![CDATA[java.lang.AssertionError: expected:<Incorrect email or password11.> but was:<Incorrect email or password.>
	at org.testng.AssertJUnit.assertEquals(AssertJUnit.java:115)
	at org.testng.AssertJUnit.assertEquals(AssertJUnit.java:125)
	at Automation.tests.ErrorValidationsTest.LoginErrorValidation(ErrorValidationsTest.java:30)
	at java.base/jdk.internal.reflect.NativeMethodAccessorImpl.invoke0(Native Method)
	at java.base/jdk.internal.reflect.NativeMethodAccessorImpl.invoke(NativeMethodAccessorImpl.java:62)
	at java.base/jdk.internal.reflect.DelegatingMethodAccessorImpl.invoke(DelegatingMethodAccessorImpl.java:43)
	at java.base/java.lang.reflect.Method.invoke(Method.java:566)
	at org.testng.internal.invokers.MethodInvocationHelper.invokeMethod(MethodInvocationHelper.java:139)
	at org.testng.internal.invokers.TestInvoker.invokeMethod(TestInvoker.java:677)
	at org.testng.internal.invokers.TestInvoker.retryFailed(TestInvoker.java:263)
	at org.testng.internal.invokers.MethodRunner.runInSequence(MethodRunner.java:62)
	at org.testng.internal.invokers.TestInvoker$MethodInvocationAgent.invoke(TestInvoker.java:969)
	at org.testng.internal.invokers.TestInvoker.invokeTestMethods(TestInvoker.java:194)
	at org.testng.internal.invokers.TestMethodWorker.invokeTestMethods(TestMethodWorker.java:148)
	at org.testng.internal.invokers.TestMethodWorker.run(TestMethodWorker.java:128)
	at java.base/java.util.ArrayList.forEach(ArrayList.java:1540)
	at org.testng.TestRunner.privateRun(TestRunner.java:829)
	at org.testng.TestRunner.run(TestRunner.java:602)
	at org.testng.SuiteRunner.runTest(SuiteRunner.java:437)
	at org.testng.SuiteRunner$SuiteWorker.run(SuiteRunner.java:475)
	at org.testng.internal.thread.ThreadUtil.lambda$execute$0(ThreadUtil.java:58)
	at java.base/java.util.concurrent.FutureTask.run(FutureTask.java:264)
	at java.base/java.util.concurrent.ThreadPoolExecutor.runWorker(ThreadPoolExecutor.java:1128)
	at java.base/java.util.concurrent.ThreadPoolExecutor$Worker.run(ThreadPoolExecutor.java:628)
	at java.base/java.lang.Thread.run(Thread.java:834)
]]></failure>
    <system-out><![CDATA[edge
]]></system-out>
    <system-err><![CDATA[Starting Microsoft Edge WebDriver 112.0.1722.58 (4dc3f55bfaec25ee4e6acc8bd6b20d64b3b0b7bb) on port 25863
To submit feedback, report a bug, or suggest new features, please visit https://github.com/MicrosoftEdge/EdgeWebDriver

Only local connections are allowed.
Please see https://aka.ms/WebDriverSecurity for suggestions on keeping Microsoft Edge WebDriver safe.

Microsoft Edge WebDriver was started successfully.
]]></system-err>
  </testcase>
  <testcase name="ProductErrorValidation" classname="Automation.tests.ErrorValidationsTest" time="4.497"/>
  <testcase name="SubmitOrder[{password=Iamking@000, product=ZARA COAT 3, email=anshika@gmail.com}](1)" classname="Automation.tests.SubmitOrderTest" time="17.339">
    <system-out><![CDATA[edge
]]></system-out>
    <system-err><![CDATA[Starting Microsoft Edge WebDriver 112.0.1722.58 (4dc3f55bfaec25ee4e6acc8bd6b20d64b3b0b7bb) on port 25742
To submit feedback, report a bug, or suggest new features, please visit https://github.com/MicrosoftEdge/EdgeWebDriver

Only local connections are allowed.
Please see https://aka.ms/WebDriverSecurity for suggestions on keeping Microsoft Edge WebDriver safe.

Microsoft Edge WebDriver was started successfully.
Apr 25, 2023 6:49:30 PM org.openqa.selenium.devtools.CdpVersionFinder findNearestMatch
WARNING: Unable to find an exact match for CDP version 112, so returning the closest version found: 110
]]></system-err>
  </testcase>
  <testcase name="OrderHistoryTest" classname="Automation.tests.SubmitOrderTest" time="0">
    <skipped message="Method Automation.tests.SubmitOrderTest.OrderHistoryTest() on instance Automation.tests.SubmitOrderTest@5505ae1a depends on not successfully finished methods &#10;[Automation.tests.SubmitOrderTest.SubmitOrder() on instance Automation.tests.SubmitOrderTest@5505ae1a]"/>
    <system-out><![CDATA[edge
]]></system-out>
    <system-err><![CDATA[Starting Microsoft Edge WebDriver 112.0.1722.58 (4dc3f55bfaec25ee4e6acc8bd6b20d64b3b0b7bb) on port 2495
To submit feedback, report a bug, or suggest new features, please visit https://github.com/MicrosoftEdge/EdgeWebDriver

Only local connections are allowed.
Please see https://aka.ms/WebDriverSecurity for suggestions on keeping Microsoft Edge WebDriver safe.

Apr 25, 2023 6:49:44 PM org.openqa.selenium.devtools.CdpVersionFinder findNearestMatch
WARNING: Unable to find an exact match for CDP version 112, so returning the closest version found: 110
Microsoft Edge WebDriver was started successfully.
Apr 25, 2023 6:49:49 PM org.openqa.selenium.devtools.CdpVersionFinder findNearestMatch
WARNING: Unable to find an exact match for CDP version 112, so returning the closest version found: 110
]]></system-err>
  </testcase>
</testsuite>